<?xml version="1.0" encoding="UTF-8"?>
<!-- Generated by org.testng.reporters.JUnitReportReporter -->
<testsuite skipped="0" hostname="Imrans-MacBook-Pro.local" name="testcase.DemoTest" tests="1" failures="0" timestamp="2019-12-28T23:12:20 MST" time="0.006" errors="0">
  <testcase name="demoTest" time="0.006" classname="testcase.DemoTest"/>
</testsuite> <!-- testcase.DemoTest -->
